# JRE version: Java(TM) SE Runtime Environment (8.0_192-b12) (build 1.8.0_192-b12)
# Java VM: Java HotSpot(TM) 64-Bit Server VM (25.192-b12 mixed mode windows-amd64 compressed oops)
Heap:
 PSYoungGen      total 162816K, used 69484K [0x000000076b400000, 0x0000000776b80000, 0x00000007c0000000)
  eden space 146944K, 47% used [0x000000076b400000,0x000000076f7db1d8,0x0000000774380000)
  from space 15872K, 0% used [0x0000000775480000,0x0000000775480000,0x0000000776400000)
  to   space 17408K, 0% used [0x0000000774380000,0x0000000774380000,0x0000000775480000)
 ParOldGen       total 165888K, used 15135K [0x00000006c1c00000, 0x00000006cbe00000, 0x000000076b400000)
  object space 165888K, 9% used [0x00000006c1c00000,0x00000006c2ac7d88,0x00000006cbe00000)
 Metaspace       used 37970K, capacity 41090K, committed 41344K, reserved 1085440K
  class space    used 5165K, capacity 5710K, committed 5760K, reserved 1048576K
GC Heap History (10 events):
Event: 2.168 GC heap before
{Heap before GC invocations=4 (full 1):
 PSYoungGen      total 76288K, used 65536K [0x000000076b400000, 0x0000000774900000, 0x00000007c0000000)
  eden space 65536K, 100% used [0x000000076b400000,0x000000076f400000,0x000000076f400000)
  from space 10752K, 0% used [0x000000076fe80000,0x000000076fe80000,0x0000000770900000)
  to   space 10752K, 0% used [0x000000076f400000,0x000000076f400000,0x000000076fe80000)
 ParOldGen       total 112640K, used 10295K [0x00000006c1c00000, 0x00000006c8a00000, 0x000000076b400000)
  object space 112640K, 9% used [0x00000006c1c00000,0x00000006c260df60,0x00000006c8a00000)
 Metaspace       used 26394K, capacity 28072K, committed 28288K, reserved 1073152K
  class space    used 3531K, capacity 3864K, committed 3968K, reserved 1048576K
Event: 2.174 GC heap after
Heap after GC invocations=4 (full 1):
 PSYoungGen      total 76288K, used 9451K [0x000000076b400000, 0x0000000772500000, 0x00000007c0000000)
  eden space 65536K, 0% used [0x000000076b400000,0x000000076b400000,0x000000076f400000)
  from space 10752K, 87% used [0x000000076f400000,0x000000076fd3ad58,0x000000076fe80000)
  to   space 10752K, 0% used [0x0000000771a80000,0x0000000771a80000,0x0000000772500000)
 ParOldGen       total 112640K, used 10303K [0x00000006c1c00000, 0x00000006c8a00000, 0x000000076b400000)
  object space 112640K, 9% used [0x00000006c1c00000,0x00000006c260ff60,0x00000006c8a00000)
 Metaspace       used 26394K, capacity 28072K, committed 28288K, reserved 1073152K
  class space    used 3531K, capacity 3864K, committed 3968K, reserved 1048576K
}
Event: 2.610 GC heap before
{Heap before GC invocations=5 (full 1):
 PSYoungGen      total 76288K, used 74987K [0x000000076b400000, 0x0000000772500000, 0x00000007c0000000)
  eden space 65536K, 100% used [0x000000076b400000,0x000000076f400000,0x000000076f400000)
  from space 10752K, 87% used [0x000000076f400000,0x000000076fd3ad58,0x000000076fe80000)
  to   space 10752K, 0% used [0x0000000771a80000,0x0000000771a80000,0x0000000772500000)
 ParOldGen       total 112640K, used 10303K [0x00000006c1c00000, 0x00000006c8a00000, 0x000000076b400000)
  object space 112640K, 9% used [0x00000006c1c00000,0x00000006c260ff60,0x00000006c8a00000)
 Metaspace       used 31061K, capacity 33278K, committed 33536K, reserved 1079296K
  class space    used 4176K, capacity 4593K, committed 4608K, reserved 1048576K
Event: 2.621 GC heap after
Heap after GC invocations=5 (full 1):
 PSYoungGen      total 104960K, used 10739K [0x000000076b400000, 0x0000000772880000, 0x00000007c0000000)
  eden space 94208K, 0% used [0x000000076b400000,0x000000076b400000,0x0000000771000000)
  from space 10752K, 99% used [0x0000000771a80000,0x00000007724fce98,0x0000000772500000)
  to   space 10752K, 0% used [0x0000000771000000,0x0000000771000000,0x0000000771a80000)
 ParOldGen       total 112640K, used 14328K [0x00000006c1c00000, 0x00000006c8a00000, 0x000000076b400000)
  object space 112640K, 12% used [0x00000006c1c00000,0x00000006c29fe398,0x00000006c8a00000)
 Metaspace       used 31061K, capacity 33278K, committed 33536K, reserved 1079296K
  class space    used 4176K, capacity 4593K, committed 4608K, reserved 1048576K
}
Event: 2.774 GC heap before
{Heap before GC invocations=6 (full 1):
 PSYoungGen      total 104960K, used 104947K [0x000000076b400000, 0x0000000772880000, 0x00000007c0000000)
  eden space 94208K, 100% used [0x000000076b400000,0x0000000771000000,0x0000000771000000)
  from space 10752K, 99% used [0x0000000771a80000,0x00000007724fce98,0x0000000772500000)
  to   space 10752K, 0% used [0x0000000771000000,0x0000000771000000,0x0000000771a80000)
 ParOldGen       total 112640K, used 14328K [0x00000006c1c00000, 0x00000006c8a00000, 0x000000076b400000)
  object space 112640K, 12% used [0x00000006c1c00000,0x00000006c29fe398,0x00000006c8a00000)
 Metaspace       used 31471K, capacity 33752K, committed 33920K, reserved 1079296K
  class space    used 4231K, capacity 4650K, committed 4736K, reserved 1048576K
Event: 2.782 GC heap after
Heap after GC invocations=6 (full 1):
 PSYoungGen      total 104960K, used 10745K [0x000000076b400000, 0x0000000776400000, 0x00000007c0000000)
  eden space 94208K, 0% used [0x000000076b400000,0x000000076b400000,0x0000000771000000)
  from space 10752K, 99% used [0x0000000771000000,0x0000000771a7e4a0,0x0000000771a80000)
  to   space 15872K, 0% used [0x0000000775480000,0x0000000775480000,0x0000000776400000)
 ParOldGen       total 112640K, used 17393K [0x00000006c1c00000, 0x00000006c8a00000, 0x000000076b400000)
  object space 112640K, 15% used [0x00000006c1c00000,0x00000006c2cfc488,0x00000006c8a00000)
 Metaspace       used 31471K, capacity 33752K, committed 33920K, reserved 1079296K
  class space    used 4231K, capacity 4650K, committed 4736K, reserved 1048576K
}
Event: 2.970 GC heap before
{Heap before GC invocations=7 (full 1):
 PSYoungGen      total 104960K, used 43154K [0x000000076b400000, 0x0000000776400000, 0x00000007c0000000)
  eden space 94208K, 34% used [0x000000076b400000,0x000000076d3a6530,0x0000000771000000)
  from space 10752K, 99% used [0x0000000771000000,0x0000000771a7e4a0,0x0000000771a80000)
  to   space 15872K, 0% used [0x0000000775480000,0x0000000775480000,0x0000000776400000)
 ParOldGen       total 112640K, used 17393K [0x00000006c1c00000, 0x00000006c8a00000, 0x000000076b400000)
  object space 112640K, 15% used [0x00000006c1c00000,0x00000006c2cfc488,0x00000006c8a00000)
 Metaspace       used 32853K, capacity 35354K, committed 35456K, reserved 1079296K
  class space    used 4443K, capacity 4913K, committed 4992K, reserved 1048576K
Event: 2.979 GC heap after
Heap after GC invocations=7 (full 1):
 PSYoungGen      total 162816K, used 15439K [0x000000076b400000, 0x0000000776b80000, 0x00000007c0000000)
  eden space 146944K, 0% used [0x000000076b400000,0x000000076b400000,0x0000000774380000)
  from space 15872K, 97% used [0x0000000775480000,0x0000000776393eb0,0x0000000776400000)
  to   space 17408K, 0% used [0x0000000774380000,0x0000000774380000,0x0000000775480000)
 ParOldGen       total 112640K, used 17401K [0x00000006c1c00000, 0x00000006c8a00000, 0x000000076b400000)
  object space 112640K, 15% used [0x00000006c1c00000,0x00000006c2cfe488,0x00000006c8a00000)
 Metaspace       used 32853K, capacity 35354K, committed 35456K, reserved 1079296K
  class space    used 4443K, capacity 4913K, committed 4992K, reserved 1048576K
}
Event: 2.979 GC heap before
{Heap before GC invocations=8 (full 2):
 PSYoungGen      total 162816K, used 15439K [0x000000076b400000, 0x0000000776b80000, 0x00000007c0000000)
  eden space 146944K, 0% used [0x000000076b400000,0x000000076b400000,0x0000000774380000)
  from space 15872K, 97% used [0x0000000775480000,0x0000000776393eb0,0x0000000776400000)
  to   space 17408K, 0% used [0x0000000774380000,0x0000000774380000,0x0000000775480000)
 ParOldGen       total 112640K, used 17401K [0x00000006c1c00000, 0x00000006c8a00000, 0x000000076b400000)
  object space 112640K, 15% used [0x00000006c1c00000,0x00000006c2cfe488,0x00000006c8a00000)
 Metaspace       used 32853K, capacity 35354K, committed 35456K, reserved 1079296K
  class space    used 4443K, capacity 4913K, committed 4992K, reserved 1048576K
Event: 3.014 GC heap after
Heap after GC invocations=8 (full 2):
 PSYoungGen      total 162816K, used 0K [0x000000076b400000, 0x0000000776b80000, 0x00000007c0000000)
  eden space 146944K, 0% used [0x000000076b400000,0x000000076b400000,0x0000000774380000)
  from space 15872K, 0% used [0x0000000775480000,0x0000000775480000,0x0000000776400000)
  to   space 17408K, 0% used [0x0000000774380000,0x0000000774380000,0x0000000775480000)
 ParOldGen       total 165888K, used 15135K [0x00000006c1c00000, 0x00000006cbe00000, 0x000000076b400000)
  object space 165888K, 9% used [0x00000006c1c00000,0x00000006c2ac7d88,0x00000006cbe00000)
 Metaspace       used 32853K, capacity 35354K, committed 35456K, reserved 1079296K
  class space    used 4443K, capacity 4913K, committed 4992K, reserved 1048576K
}

